<?xml version="1.0" encoding="UTF-8"?>
<!-- Generated by org.testng.reporters.JUnitXMLReporter -->
<testsuite ignored="0" hostname="HATI-SDG00096" failures="0" tests="2" name="ER_Registration_Triage_Add_Triage_Category_Save_Test" time="162.79" errors="0" timestamp="2024-10-17T15:52:01 SGT">
  <testcase classname="ClinicareTest2.ER_Registration_Triage_Add_Triage_Category_Save_Test" name="TC_01_verify_That_User_Is_Able_To_Login_MedcareApplication" time="2.809"/>
  <testcase classname="ClinicareTest2.ER_Registration_Triage_Add_Triage_Category_Save_Test" name="TC_02_Verify_User_Can_Do_ER_Registration_Triage_Add_Triage_Category_Save_Test" time="107.551"/>
</testsuite> <!-- ER_Registration_Triage_Add_Triage_Category_Save_Test -->
