<?xml version="1.0" encoding="UTF-8"?>
<!-- Generated by org.testng.reporters.JUnitXMLReporter -->
<testsuite ignored="0" hostname="HATI-SDG00096" failures="1" tests="2" name="Click_print_and_submit_Result_Entry_View_orders" time="41.358" errors="0" timestamp="2024-09-11T10:58:28 IST">
  <testcase classname="LabTest.Click_print_and_submit_Result_Entry_View_orders" name="TC_01_verify_That_User_Is_Able_To_Login_MedcareApplication" time="16.38"/>
  <testcase classname="LabTest.Click_print_and_submit_Result_Entry_View_orders" name="TC_04_Click_print_and_submit_Result_Entry_View_orders" time="0.006">
    <failure type="java.lang.Error" message="Unresolved compilation problems: 
	takename cannot be resolved to a variable
	SaveResultentry cannot be resolved to a variable
	DiscardSample cannot be resolved to a variable
	Clickonchecbodsx cannot be resolved to a variable
	MarkDiscard cannot be resolved to a variable
	DiscardType cannot be resolved to a variable
	Discatrtyoeopt cannot be resolved to a variable
	Discardon cannot be resolved to a variable
	doscardsave cannot be resolved to a variable
	DiscardSamplem cannot be resolved to a variable
	DiscardSamplem cannot be resolved to a variable
	takename cannot be resolved to a variable
	SaveResultentry cannot be resolved to a variable
	DiscardSample cannot be resolved to a variable
	Clickonchecbodsx cannot be resolved to a variable
	MarkDiscard cannot be resolved to a variable
	DiscardType cannot be resolved to a variable
	Discatrtyoeopt cannot be resolved to a variable
	Discardon cannot be resolved to a variable
	doscardsave cannot be resolved to a variable
	DiscardSamplem cannot be resolved to a variable
	DiscardSamplem cannot be resolved to a variable
	Getmrnvrify cannot be resolved to a variable
	checkboocx cannot be resolved to a variable
	InternalDemo cannot be resolved to a variable
	selectrecoo cannot be resolved to a variable
	Parameterinput1 cannot be resolved to a variable
	Parameterinput2 cannot be resolved to a variable
	Parameterinput3 cannot be resolved to a variable
	Parameterinput4 cannot be resolved to a variable
	Parameterinput5 cannot be resolved to a variable
	Parameterinput6 cannot be resolved to a variable
	Parameterinput7 cannot be resolved to a variable
	Parameterinput8 cannot be resolved to a variable
	Parameterinput9 cannot be resolved to a variable
	Parameterinput10 cannot be resolved to a variable
	Parameterinput111 cannot be resolved to a variable
	Clickoncheckbox cannot be resolved to a variable
	UploadResultEntrybutton1 cannot be resolved to a variable
	UploadResultEntrybutton2 cannot be resolved to a variable
	CheeoseFile_4 cannot be resolved to a variable
	Upload3 cannot be resolved to a variable
	SaveButton5 cannot be resolved to a variable
	ClickOnsAVE cannot be resolved to a variable
	back cannot be resolved to a variable
	checkboocx cannot be resolved to a variable
	Checkboxt cannot be resolved to a variable
	submitbut cannot be resolved to a variable
	ClickOncheckbox cannot be resolved to a variable
	UploadDocumet cannot be resolved to a variable
	FileNameAssertion cannot be resolved to a variable
	Uploaddocumet_2 cannot be resolved to a variable
	ChooseFileValidation cannot be resolved to a variable
	Uploadnewfile cannot be resolved to a variable
	NewFileValidation cannot be resolved to a variable
	SaveValidation cannot be resolved to a variable
	checkboocx cannot be resolved to a variable
	InternalDemo cannot be resolved to a variable
	selectrecoo cannot be resolved to a variable
	Parameterinput1 cannot be resolved to a variable
	Parameterinput2 cannot be resolved to a variable
	Parameterinput3 cannot be resolved to a variable
	Parameterinput4 cannot be resolved to a variable
	Parameterinput5 cannot be resolved to a variable
	Parameterinput6 cannot be resolved to a variable
	Parameterinput7 cannot be resolved to a variable
	Parameterinput8 cannot be resolved to a variable
	Parameterinput9 cannot be resolved to a variable
	Parameterinput10 cannot be resolved to a variable
	Parameterinput111 cannot be resolved to a variable
	Clickoncheckbox cannot be resolved to a variable
	ClickOnsAVE cannot be resolved to a variable
	Clickoncheckbox cannot be resolved to a variable
	Reset cannot be resolved to a variable
	Checkboxchab cannot be resolved to a variable
	InternalDemo cannot be resolved to a variable
	selectrecoo cannot be resolved to a variable
	Parameterinput1 cannot be resolved to a variable
	Parameterinput2 cannot be resolved to a variable
	Parameterinput3 cannot be resolved to a variable
	Parameterinput4 cannot be resolved to a variable
	Parameterinput5 cannot be resolved to a variable
	Parameterinput6 cannot be resolved to a variable
	Parameterinput7 cannot be resolved to a variable
	Parameterinput8 cannot be resolved to a variable
	Parameterinput9 cannot be resolved to a variable
	Parameterinput10 cannot be resolved to a variable
	Parameterinput111 cannot be resolved to a variable
	Clickoncheckbox cannot be resolved to a variable
	UploadResultEntrybutton1 cannot be resolved to a variable
	UploadResultEntrybutton2 cannot be resolved to a variable
	CheeoseFile_4 cannot be resolved to a variable
	Upload3 cannot be resolved to a variable
	SaveButton5 cannot be resolved to a variable
	ClickOnsAVE cannot be resolved to a variable
	Syntax error, insert &amp;quot;}&amp;quot; to complete MethodBody
	checkboxdd cannot be resolved to a variable
	ResultEntryDashboard cannot be resolved to a variable
	ResultEntry cannot be resolved to a variable
	ResultEntryVerification cannot be resolved to a variable
">
      <![CDATA[java.lang.Error: Unresolved compilation problems: 
takename cannot be resolved to a variable
SaveResultentry cannot be resolved to a variable
DiscardSample cannot be resolved to a variable
Clickonchecbodsx cannot be resolved to a variable
MarkDiscard cannot be resolved to a variable
DiscardType cannot be resolved to a variable
Discatrtyoeopt cannot be resolved to a variable
Discardon cannot be resolved to a variable
doscardsave cannot be resolved to a variable
DiscardSamplem cannot be resolved to a variable
DiscardSamplem cannot be resolved to a variable
takename cannot be resolved to a variable
SaveResultentry cannot be resolved to a variable
DiscardSample cannot be resolved to a variable
Clickonchecbodsx cannot be resolved to a variable
MarkDiscard cannot be resolved to a variable
DiscardType cannot be resolved to a variable
Discatrtyoeopt cannot be resolved to a variable
Discardon cannot be resolved to a variable
doscardsave cannot be resolved to a variable
DiscardSamplem cannot be resolved to a variable
DiscardSamplem cannot be resolved to a variable
Getmrnvrify cannot be resolved to a variable
checkboocx cannot be resolved to a variable
InternalDemo cannot be resolved to a variable
selectrecoo cannot be resolved to a variable
Parameterinput1 cannot be resolved to a variable
Parameterinput2 cannot be resolved to a variable
Parameterinput3 cannot be resolved to a variable
Parameterinput4 cannot be resolved to a variable
Parameterinput5 cannot be resolved to a variable
Parameterinput6 cannot be resolved to a variable
Parameterinput7 cannot be resolved to a variable
Parameterinput8 cannot be resolved to a variable
Parameterinput9 cannot be resolved to a variable
Parameterinput10 cannot be resolved to a variable
Parameterinput111 cannot be resolved to a variable
Clickoncheckbox cannot be resolved to a variable
UploadResultEntrybutton1 cannot be resolved to a variable
UploadResultEntrybutton2 cannot be resolved to a variable
CheeoseFile_4 cannot be resolved to a variable
Upload3 cannot be resolved to a variable
SaveButton5 cannot be resolved to a variable
ClickOnsAVE cannot be resolved to a variable
back cannot be resolved to a variable
checkboocx cannot be resolved to a variable
Checkboxt cannot be resolved to a variable
submitbut cannot be resolved to a variable
ClickOncheckbox cannot be resolved to a variable
UploadDocumet cannot be resolved to a variable
FileNameAssertion cannot be resolved to a variable
Uploaddocumet_2 cannot be resolved to a variable
ChooseFileValidation cannot be resolved to a variable
Uploadnewfile cannot be resolved to a variable
NewFileValidation cannot be resolved to a variable
SaveValidation cannot be resolved to a variable
checkboocx cannot be resolved to a variable
InternalDemo cannot be resolved to a variable
selectrecoo cannot be resolved to a variable
Parameterinput1 cannot be resolved to a variable
Parameterinput2 cannot be resolved to a variable
Parameterinput3 cannot be resolved to a variable
Parameterinput4 cannot be resolved to a variable
Parameterinput5 cannot be resolved to a variable
Parameterinput6 cannot be resolved to a variable
Parameterinput7 cannot be resolved to a variable
Parameterinput8 cannot be resolved to a variable
Parameterinput9 cannot be resolved to a variable
Parameterinput10 cannot be resolved to a variable
Parameterinput111 cannot be resolved to a variable
Clickoncheckbox cannot be resolved to a variable
ClickOnsAVE cannot be resolved to a variable
Clickoncheckbox cannot be resolved to a variable
Reset cannot be resolved to a variable
Checkboxchab cannot be resolved to a variable
InternalDemo cannot be resolved to a variable
selectrecoo cannot be resolved to a variable
Parameterinput1 cannot be resolved to a variable
Parameterinput2 cannot be resolved to a variable
Parameterinput3 cannot be resolved to a variable
Parameterinput4 cannot be resolved to a variable
Parameterinput5 cannot be resolved to a variable
Parameterinput6 cannot be resolved to a variable
Parameterinput7 cannot be resolved to a variable
Parameterinput8 cannot be resolved to a variable
Parameterinput9 cannot be resolved to a variable
Parameterinput10 cannot be resolved to a variable
Parameterinput111 cannot be resolved to a variable
Clickoncheckbox cannot be resolved to a variable
UploadResultEntrybutton1 cannot be resolved to a variable
UploadResultEntrybutton2 cannot be resolved to a variable
CheeoseFile_4 cannot be resolved to a variable
Upload3 cannot be resolved to a variable
SaveButton5 cannot be resolved to a variable
ClickOnsAVE cannot be resolved to a variable
Syntax error, insert "}" to complete MethodBody
checkboxdd cannot be resolved to a variable
ResultEntryDashboard cannot be resolved to a variable
ResultEntry cannot be resolved to a variable
ResultEntryVerification cannot be resolved to a variable

at LabPages.enter_media_observation_identificationsave.<init>(enter_media_observation_identificationsave.java:678)
at LabTest.Click_print_and_submit_Result_Entry_View_orders.TC_04_Click_print_and_submit_Result_Entry_View_orders(Click_print_and_submit_Result_Entry_View_orders.java:85)
at java.base/java.util.ArrayList.forEach(ArrayList.java:1596)
... Removed 26 stack frames]]>
    </failure>
  </testcase> <!-- TC_04_Click_print_and_submit_Result_Entry_View_orders -->
</testsuite> <!-- Click_print_and_submit_Result_Entry_View_orders -->
