# JRE version: OpenJDK Runtime Environment Temurin-21.0.2+13 (21.0.2+13) (build 21.0.2+13-LTS)
# Java VM: OpenJDK 64-Bit Server VM Temurin-21.0.2+13 (21.0.2+13-LTS, mixed mode, tiered, compressed oops, compressed class ptrs, g1 gc, windows-amd64)
GC Precious Log:
 CardTable entry size: 512
 Card Set container configuration: InlinePtr #cards 5 size 8 Array Of Cards #cards 12 size 40 Howl #buckets 4 coarsen threshold 1843 Howl Bitmap #cards 512 size 80 coarsen threshold 460 Card regions per heap region 1 cards per card region 2048
 CPUs: 8 total, 8 available
 Memory: 6005M
 Large Page Support: Disabled
 NUMA Support: Disabled
 Compressed Oops: Enabled (32-bit)
 Heap Region Size: 1M
 Heap Min Capacity: 8M
 Heap Initial Capacity: 94M
 Heap Max Capacity: 1502M
 Pre-touch: Disabled
 Parallel Workers: 8
 Concurrent Workers: 2
 Concurrent Refinement Workers: 8
 Periodic GC: Disabled
Heap:
 garbage-first heap   total 278528K, used 115959K [0x00000000a2200000, 0x0000000100000000)
  region size 1024K, 3 young (3072K), 1 survivors (1024K)
 Metaspace       used 32744K, committed 33216K, reserved 1114112K
  class space    used 3468K, committed 3712K, reserved 1048576K
GC Heap History (20 events):
Event: 27.001 GC heap before
{Heap before GC invocations=100 (full 0):
 garbage-first heap   total 278528K, used 118983K [0x00000000a2200000, 0x0000000100000000)
  region size 1024K, 2 young (2048K), 1 survivors (1024K)
 Metaspace       used 32739K, committed 33216K, reserved 1114112K
  class space    used 3468K, committed 3712K, reserved 1048576K
}
Event: 27.002 GC heap after
{Heap after GC invocations=101 (full 0):
 garbage-first heap   total 278528K, used 106731K [0x00000000a2200000, 0x0000000100000000)
  region size 1024K, 1 young (1024K), 1 survivors (1024K)
 Metaspace       used 32739K, committed 33216K, reserved 1114112K
  class space    used 3468K, committed 3712K, reserved 1048576K
}
Event: 27.097 GC heap before
{Heap before GC invocations=101 (full 0):
 garbage-first heap   total 278528K, used 119019K [0x00000000a2200000, 0x0000000100000000)
  region size 1024K, 2 young (2048K), 1 survivors (1024K)
 Metaspace       used 32739K, committed 33216K, reserved 1114112K
  class space    used 3468K, committed 3712K, reserved 1048576K
}
Event: 27.098 GC heap after
{Heap after GC invocations=102 (full 0):
 garbage-first heap   total 278528K, used 57551K [0x00000000a2200000, 0x0000000100000000)
  region size 1024K, 1 young (1024K), 1 survivors (1024K)
 Metaspace       used 32739K, committed 33216K, reserved 1114112K
  class space    used 3468K, committed 3712K, reserved 1048576K
}
Event: 27.498 GC heap before
{Heap before GC invocations=102 (full 0):
 garbage-first heap   total 278528K, used 118991K [0x00000000a2200000, 0x0000000100000000)
  region size 1024K, 2 young (2048K), 1 survivors (1024K)
 Metaspace       used 32739K, committed 33216K, reserved 1114112K
  class space    used 3468K, committed 3712K, reserved 1048576K
}
Event: 27.499 GC heap after
{Heap after GC invocations=103 (full 0):
 garbage-first heap   total 278528K, used 106740K [0x00000000a2200000, 0x0000000100000000)
  region size 1024K, 1 young (1024K), 1 survivors (1024K)
 Metaspace       used 32739K, committed 33216K, reserved 1114112K
  class space    used 3468K, committed 3712K, reserved 1048576K
}
Event: 27.593 GC heap before
{Heap before GC invocations=103 (full 0):
 garbage-first heap   total 278528K, used 119028K [0x00000000a2200000, 0x0000000100000000)
  region size 1024K, 2 young (2048K), 1 survivors (1024K)
 Metaspace       used 32740K, committed 33216K, reserved 1114112K
  class space    used 3468K, committed 3712K, reserved 1048576K
}
Event: 27.594 GC heap after
{Heap after GC invocations=104 (full 0):
 garbage-first heap   total 278528K, used 57560K [0x00000000a2200000, 0x0000000100000000)
  region size 1024K, 1 young (1024K), 1 survivors (1024K)
 Metaspace       used 32740K, committed 33216K, reserved 1114112K
  class space    used 3468K, committed 3712K, reserved 1048576K
}
Event: 28.009 GC heap before
{Heap before GC invocations=104 (full 0):
 garbage-first heap   total 278528K, used 119000K [0x00000000a2200000, 0x0000000100000000)
  region size 1024K, 2 young (2048K), 1 survivors (1024K)
 Metaspace       used 32740K, committed 33216K, reserved 1114112K
  class space    used 3468K, committed 3712K, reserved 1048576K
}
Event: 28.010 GC heap after
{Heap after GC invocations=105 (full 0):
 garbage-first heap   total 278528K, used 106753K [0x00000000a2200000, 0x0000000100000000)
  region size 1024K, 1 young (1024K), 1 survivors (1024K)
 Metaspace       used 32740K, committed 33216K, reserved 1114112K
  class space    used 3468K, committed 3712K, reserved 1048576K
}
Event: 28.095 GC heap before
{Heap before GC invocations=105 (full 0):
 garbage-first heap   total 278528K, used 119041K [0x00000000a2200000, 0x0000000100000000)
  region size 1024K, 2 young (2048K), 1 survivors (1024K)
 Metaspace       used 32740K, committed 33216K, reserved 1114112K
  class space    used 3468K, committed 3712K, reserved 1048576K
}
Event: 28.096 GC heap after
{Heap after GC invocations=106 (full 0):
 garbage-first heap   total 278528K, used 57575K [0x00000000a2200000, 0x0000000100000000)
  region size 1024K, 1 young (1024K), 1 survivors (1024K)
 Metaspace       used 32740K, committed 33216K, reserved 1114112K
  class space    used 3468K, committed 3712K, reserved 1048576K
}
Event: 28.427 GC heap before
{Heap before GC invocations=106 (full 0):
 garbage-first heap   total 278528K, used 119015K [0x00000000a2200000, 0x0000000100000000)
  region size 1024K, 2 young (2048K), 1 survivors (1024K)
 Metaspace       used 32740K, committed 33216K, reserved 1114112K
  class space    used 3468K, committed 3712K, reserved 1048576K
}
Event: 28.428 GC heap after
{Heap after GC invocations=107 (full 0):
 garbage-first heap   total 278528K, used 106759K [0x00000000a2200000, 0x0000000100000000)
  region size 1024K, 1 young (1024K), 1 survivors (1024K)
 Metaspace       used 32740K, committed 33216K, reserved 1114112K
  class space    used 3468K, committed 3712K, reserved 1048576K
}
Event: 28.500 GC heap before
{Heap before GC invocations=107 (full 0):
 garbage-first heap   total 278528K, used 119047K [0x00000000a2200000, 0x0000000100000000)
  region size 1024K, 2 young (2048K), 1 survivors (1024K)
 Metaspace       used 32740K, committed 33216K, reserved 1114112K
  class space    used 3468K, committed 3712K, reserved 1048576K
}
Event: 28.501 GC heap after
{Heap after GC invocations=108 (full 0):
 garbage-first heap   total 278528K, used 57581K [0x00000000a2200000, 0x0000000100000000)
  region size 1024K, 1 young (1024K), 1 survivors (1024K)
 Metaspace       used 32740K, committed 33216K, reserved 1114112K
  class space    used 3468K, committed 3712K, reserved 1048576K
}
Event: 28.928 GC heap before
{Heap before GC invocations=108 (full 0):
 garbage-first heap   total 278528K, used 119021K [0x00000000a2200000, 0x0000000100000000)
  region size 1024K, 2 young (2048K), 1 survivors (1024K)
 Metaspace       used 32740K, committed 33216K, reserved 1114112K
  class space    used 3468K, committed 3712K, reserved 1048576K
}
Event: 28.929 GC heap after
{Heap after GC invocations=109 (full 0):
 garbage-first heap   total 278528K, used 106769K [0x00000000a2200000, 0x0000000100000000)
  region size 1024K, 1 young (1024K), 1 survivors (1024K)
 Metaspace       used 32740K, committed 33216K, reserved 1114112K
  class space    used 3468K, committed 3712K, reserved 1048576K
}
Event: 28.993 GC heap before
{Heap before GC invocations=109 (full 0):
 garbage-first heap   total 278528K, used 119057K [0x00000000a2200000, 0x0000000100000000)
  region size 1024K, 2 young (2048K), 1 survivors (1024K)
 Metaspace       used 32740K, committed 33216K, reserved 1114112K
  class space    used 3468K, committed 3712K, reserved 1048576K
}
Event: 28.994 GC heap after
{Heap after GC invocations=110 (full 0):
 garbage-first heap   total 278528K, used 57591K [0x00000000a2200000, 0x0000000100000000)
  region size 1024K, 1 young (1024K), 1 survivors (1024K)
 Metaspace       used 32740K, committed 33216K, reserved 1114112K
  class space    used 3468K, committed 3712K, reserved 1048576K
}

