# JRE version: OpenJDK Runtime Environment Temurin-21.0.2+13 (21.0.2+13) (build 21.0.2+13-LTS)
# Java VM: OpenJDK 64-Bit Server VM Temurin-21.0.2+13 (21.0.2+13-LTS, mixed mode, tiered, compressed oops, compressed class ptrs, g1 gc, windows-amd64)
GC Precious Log:
 CardTable entry size: 512
 Card Set container configuration: InlinePtr #cards 5 size 8 Array Of Cards #cards 12 size 40 Howl #buckets 4 coarsen threshold 1843 Howl Bitmap #cards 512 size 80 coarsen threshold 460 Card regions per heap region 1 cards per card region 2048
 CPUs: 8 total, 8 available
 Memory: 6005M
 Large Page Support: Disabled
 NUMA Support: Disabled
 Compressed Oops: Enabled (32-bit)
 Heap Region Size: 1M
 Heap Min Capacity: 8M
 Heap Initial Capacity: 94M
 Heap Max Capacity: 1502M
 Pre-touch: Disabled
 Parallel Workers: 8
 Concurrent Workers: 2
 Concurrent Refinement Workers: 8
 Periodic GC: Disabled
Heap:
 garbage-first heap   total 264192K, used 91007K [0x00000000a2200000, 0x0000000100000000)
  region size 1024K, 3 young (3072K), 1 survivors (1024K)
 Metaspace       used 33175K, committed 33728K, reserved 1114112K
  class space    used 3517K, committed 3776K, reserved 1048576K
GC Heap History (20 events):
Event: 106.080 GC heap before
{Heap before GC invocations=454 (full 0):
 garbage-first heap   total 264192K, used 118508K [0x00000000a2200000, 0x0000000100000000)
  region size 1024K, 2 young (2048K), 1 survivors (1024K)
 Metaspace       used 32833K, committed 33280K, reserved 1114112K
  class space    used 3470K, committed 3712K, reserved 1048576K
}
Event: 106.081 GC heap after
{Heap after GC invocations=455 (full 0):
 garbage-first heap   total 264192K, used 81648K [0x00000000a2200000, 0x0000000100000000)
  region size 1024K, 1 young (1024K), 1 survivors (1024K)
 Metaspace       used 32833K, committed 33280K, reserved 1114112K
  class space    used 3470K, committed 3712K, reserved 1048576K
}
Event: 106.281 GC heap before
{Heap before GC invocations=455 (full 0):
 garbage-first heap   total 264192K, used 118512K [0x00000000a2200000, 0x0000000100000000)
  region size 1024K, 2 young (2048K), 1 survivors (1024K)
 Metaspace       used 32833K, committed 33280K, reserved 1114112K
  class space    used 3470K, committed 3712K, reserved 1048576K
}
Event: 106.282 GC heap after
{Heap after GC invocations=456 (full 0):
 garbage-first heap   total 264192K, used 81648K [0x00000000a2200000, 0x0000000100000000)
  region size 1024K, 1 young (1024K), 1 survivors (1024K)
 Metaspace       used 32833K, committed 33280K, reserved 1114112K
  class space    used 3470K, committed 3712K, reserved 1048576K
}
Event: 106.478 GC heap before
{Heap before GC invocations=456 (full 0):
 garbage-first heap   total 264192K, used 118512K [0x00000000a2200000, 0x0000000100000000)
  region size 1024K, 2 young (2048K), 1 survivors (1024K)
 Metaspace       used 32833K, committed 33280K, reserved 1114112K
  class space    used 3470K, committed 3712K, reserved 1048576K
}
Event: 106.479 GC heap after
{Heap after GC invocations=457 (full 0):
 garbage-first heap   total 264192K, used 81652K [0x00000000a2200000, 0x0000000100000000)
  region size 1024K, 1 young (1024K), 1 survivors (1024K)
 Metaspace       used 32833K, committed 33280K, reserved 1114112K
  class space    used 3470K, committed 3712K, reserved 1048576K
}
Event: 106.678 GC heap before
{Heap before GC invocations=457 (full 0):
 garbage-first heap   total 264192K, used 118516K [0x00000000a2200000, 0x0000000100000000)
  region size 1024K, 2 young (2048K), 1 survivors (1024K)
 Metaspace       used 32833K, committed 33280K, reserved 1114112K
  class space    used 3470K, committed 3712K, reserved 1048576K
}
Event: 106.679 GC heap after
{Heap after GC invocations=458 (full 0):
 garbage-first heap   total 264192K, used 81656K [0x00000000a2200000, 0x0000000100000000)
  region size 1024K, 1 young (1024K), 1 survivors (1024K)
 Metaspace       used 32833K, committed 33280K, reserved 1114112K
  class space    used 3470K, committed 3712K, reserved 1048576K
}
Event: 106.877 GC heap before
{Heap before GC invocations=458 (full 0):
 garbage-first heap   total 264192K, used 118520K [0x00000000a2200000, 0x0000000100000000)
  region size 1024K, 2 young (2048K), 1 survivors (1024K)
 Metaspace       used 32833K, committed 33280K, reserved 1114112K
  class space    used 3470K, committed 3712K, reserved 1048576K
}
Event: 106.878 GC heap after
{Heap after GC invocations=459 (full 0):
 garbage-first heap   total 264192K, used 81654K [0x00000000a2200000, 0x0000000100000000)
  region size 1024K, 1 young (1024K), 1 survivors (1024K)
 Metaspace       used 32833K, committed 33280K, reserved 1114112K
  class space    used 3470K, committed 3712K, reserved 1048576K
}
Event: 107.079 GC heap before
{Heap before GC invocations=459 (full 0):
 garbage-first heap   total 264192K, used 119542K [0x00000000a2200000, 0x0000000100000000)
  region size 1024K, 3 young (3072K), 1 survivors (1024K)
 Metaspace       used 32833K, committed 33280K, reserved 1114112K
  class space    used 3470K, committed 3712K, reserved 1048576K
}
Event: 107.080 GC heap after
{Heap after GC invocations=460 (full 0):
 garbage-first heap   total 264192K, used 81666K [0x00000000a2200000, 0x0000000100000000)
  region size 1024K, 1 young (1024K), 1 survivors (1024K)
 Metaspace       used 32833K, committed 33280K, reserved 1114112K
  class space    used 3470K, committed 3712K, reserved 1048576K
}
Event: 107.286 GC heap before
{Heap before GC invocations=460 (full 0):
 garbage-first heap   total 264192K, used 118530K [0x00000000a2200000, 0x0000000100000000)
  region size 1024K, 2 young (2048K), 1 survivors (1024K)
 Metaspace       used 32833K, committed 33280K, reserved 1114112K
  class space    used 3470K, committed 3712K, reserved 1048576K
}
Event: 107.288 GC heap after
{Heap after GC invocations=461 (full 0):
 garbage-first heap   total 264192K, used 81670K [0x00000000a2200000, 0x0000000100000000)
  region size 1024K, 1 young (1024K), 1 survivors (1024K)
 Metaspace       used 32833K, committed 33280K, reserved 1114112K
  class space    used 3470K, committed 3712K, reserved 1048576K
}
Event: 107.539 GC heap before
{Heap before GC invocations=461 (full 0):
 garbage-first heap   total 264192K, used 118534K [0x00000000a2200000, 0x0000000100000000)
  region size 1024K, 2 young (2048K), 1 survivors (1024K)
 Metaspace       used 32833K, committed 33280K, reserved 1114112K
  class space    used 3470K, committed 3712K, reserved 1048576K
}
Event: 107.540 GC heap after
{Heap after GC invocations=462 (full 0):
 garbage-first heap   total 264192K, used 81674K [0x00000000a2200000, 0x0000000100000000)
  region size 1024K, 1 young (1024K), 1 survivors (1024K)
 Metaspace       used 32833K, committed 33280K, reserved 1114112K
  class space    used 3470K, committed 3712K, reserved 1048576K
}
Event: 107.814 GC heap before
{Heap before GC invocations=462 (full 0):
 garbage-first heap   total 264192K, used 120586K [0x00000000a2200000, 0x0000000100000000)
  region size 1024K, 4 young (4096K), 1 survivors (1024K)
 Metaspace       used 32851K, committed 33344K, reserved 1114112K
  class space    used 3472K, committed 3712K, reserved 1048576K
}
Event: 107.817 GC heap after
{Heap after GC invocations=463 (full 0):
 garbage-first heap   total 264192K, used 81708K [0x00000000a2200000, 0x0000000100000000)
  region size 1024K, 1 young (1024K), 1 survivors (1024K)
 Metaspace       used 32851K, committed 33344K, reserved 1114112K
  class space    used 3472K, committed 3712K, reserved 1048576K
}
Event: 108.177 GC heap before
{Heap before GC invocations=463 (full 0):
 garbage-first heap   total 264192K, used 124716K [0x00000000a2200000, 0x0000000100000000)
  region size 1024K, 8 young (8192K), 1 survivors (1024K)
 Metaspace       used 33175K, committed 33728K, reserved 1114112K
  class space    used 3517K, committed 3776K, reserved 1048576K
}
Event: 108.179 GC heap after
{Heap after GC invocations=464 (full 0):
 garbage-first heap   total 264192K, used 81791K [0x00000000a2200000, 0x0000000100000000)
  region size 1024K, 1 young (1024K), 1 survivors (1024K)
 Metaspace       used 33175K, committed 33728K, reserved 1114112K
  class space    used 3517K, committed 3776K, reserved 1048576K
}

