<?xml version="1.0" encoding="UTF-8"?>
<!-- Generated by org.testng.reporters.JUnitXMLReporter -->
<testsuite ignored="0" hostname="HATI-SDG00096" failures="0" tests="2" name="IP_Patient_Add_Vitals_details_Save_Test" time="147.322" errors="0" timestamp="2024-10-17T15:56:05 SGT">
  <testcase classname="ClinicareTest2.IP_Patient_Add_Vitals_details_Save_Test" name="TC_01_verify_That_User_Is_Able_To_Login_MedcareApplication" time="2.674"/>
  <testcase classname="ClinicareTest2.IP_Patient_Add_Vitals_details_Save_Test" name="TC_02_User_Can_Do_IP_Patient_Add_Vitals_details_Save" time="110.888"/>
</testsuite> <!-- IP_Patient_Add_Vitals_details_Save_Test -->
