<?xml version="1.0" encoding="UTF-8"?>
<!-- Generated by org.testng.reporters.JUnitXMLReporter -->
<testsuite ignored="0" hostname="HATI-SDG00096" failures="0" tests="2" name="Outsource_Advanced_search" time="97.895" errors="0" timestamp="2024-09-11T11:28:42 IST">
  <testcase classname="LabTest.Outsource_Advanced_search" name="TC_01_verify_That_User_Is_Able_To_Login_MedcareApplication" time="11.241"/>
  <testcase classname="LabTest.Outsource_Advanced_search" name="TC_02_Outsource_Advanced_search" time="56.459"/>
</testsuite> <!-- Outsource_Advanced_search -->
