<?xml version="1.0" encoding="UTF-8"?>
<!-- Generated by org.testng.reporters.JUnitXMLReporter -->
<testsuite ignored="0" hostname="HATI-SDG00096" failures="0" tests="2" name="ER_Add_Lab_Orders_Lab_Accept_Order_Results_Lab_Result_Report" time="191.336" errors="0" timestamp="2024-10-17T14:33:01 SGT">
  <testcase classname="ClinicareTest.ER_Add_Lab_Orders_Lab_Accept_Order_Results_Lab_Result_Report" name="TC_01_verify_That_User_Is_Able_To_Login_MedcareApplication" time="15.932"/>
  <testcase classname="ClinicareTest.ER_Add_Lab_Orders_Lab_Accept_Order_Results_Lab_Result_Report" name="TC_02_ER_Add_Lab_Orders_Lab_Accept_Order_Results_Lab_Result_Report" time="153.41"/>
</testsuite> <!-- ER_Add_Lab_Orders_Lab_Accept_Order_Results_Lab_Result_Report -->
