<?xml version="1.0" encoding="UTF-8"?>
<!-- Generated by org.testng.reporters.JUnitXMLReporter -->
<testsuite ignored="0" hostname="HATI-SDG00096" failures="0" tests="2" name="OP_Patient_ConsultQ_Print_Orders" time="201.976" errors="0" timestamp="2024-10-17T18:35:24 SGT">
  <testcase classname="ClinicareTest.OP_Patient_ConsultQ_Print_Orders" name="TC_01_verify_That_User_Is_Able_To_Login_MedcareApplication" time="15.64"/>
  <testcase classname="ClinicareTest.OP_Patient_ConsultQ_Print_Orders" name="TC_02_OP_OP_Patient_ConsultQ_Print_Orders" time="152.522"/>
</testsuite> <!-- OP_Patient_ConsultQ_Print_Orders -->
