<?xml version="1.0" encoding="UTF-8"?>
<!-- Generated by org.testng.reporters.JUnitXMLReporter -->
<testsuite ignored="0" hostname="HATI-SDG00096" failures="1" tests="2" name="Phlebotomy_Pending_Outsource_Outsourced_Upload_document_Received" time="130.746" errors="0" timestamp="2024-09-11T09:55:08 IST">
  <testcase classname="LabTest.Phlebotomy_Pending_Outsource_Outsourced_Upload_document_Received" name="TC_01_verify_That_User_Is_Able_To_Login_MedcareApplication" time="10.965"/>
  <testcase classname="LabTest.Phlebotomy_Pending_Outsource_Outsourced_Upload_document_Received" name="TC_02_Phlebotomy_Pending_Outsource_Outsourced_Upload_document_Received" time="93.276">
    <failure type="org.openqa.selenium.ElementClickInterceptedException" message="element click intercepted: Element &amp;lt;mat-icon _ngcontent-uaa-c552=&amp;quot;&amp;quot; role=&amp;quot;img&amp;quot; class=&amp;quot;mat-icon notranslate mat-tooltip-trigger material-icons mat-icon-no-color&amp;quot; aria-hidden=&amp;quot;true&amp;quot; ng-reflect-message=&amp;quot;Save&amp;quot; data-mat-icon-type=&amp;quot;font&amp;quot; aria-describedby=&amp;quot;cdk-describedby-message-60&amp;quot; cdk-describedby-host=&amp;quot;0&amp;quot;&amp;gt;...&amp;lt;/mat-icon&amp;gt; is not clickable at point (1106, 408). Other element would receive the click: &amp;lt;div class=&amp;quot;cdk-overlay-backdrop cdk-overlay-dark-backdrop cdk-overlay-backdrop-showing&amp;quot;&amp;gt;&amp;lt;/div&amp;gt;
  (Session info: chrome=124.0.6367.119)
Build info: version: &amp;apos;4.20.0&amp;apos;, revision: &amp;apos;866c76ca80&amp;apos;
System info: os.name: &amp;apos;Windows 10&amp;apos;, os.arch: &amp;apos;amd64&amp;apos;, os.version: &amp;apos;10.0&amp;apos;, java.version: &amp;apos;21.0.2&amp;apos;
Driver info: org.openqa.selenium.chrome.ChromeDriver
Command: [92b07f0a278a9ee612e2fd21173692d4, clickElement {id=f.A0BA44CFC20EDA26D0DD266317C34B37.d.84B21B36CF71E1FCAE845C607019A352.e.242}]
Capabilities {acceptInsecureCerts: false, browserName: chrome, browserVersion: 124.0.6367.119, chrome: {chromedriverVersion: 124.0.6367.207 (a9001a6e39f..., userDataDir: C:\Users\Kamlakar\AppData\L...}, fedcm:accounts: true, goog:chromeOptions: {debuggerAddress: localhost:55052}, networkConnectionEnabled: false, pageLoadStrategy: normal, platformName: windows, proxy: Proxy(), se:cdp: ws://localhost:55052/devtoo..., se:cdpVersion: 124.0.6367.119, setWindowRect: true, strictFileInteractability: false, timeouts: {implicit: 0, pageLoad: 300000, script: 30000}, unhandledPromptBehavior: dismiss and notify, webauthn:extension:credBlob: true, webauthn:extension:largeBlob: true, webauthn:extension:minPinLength: true, webauthn:extension:prf: true, webauthn:virtualAuthenticators: true}
Element: [[ChromeDriver: chrome on windows (92b07f0a278a9ee612e2fd21173692d4)] -&amp;gt; css selector: mat-icon[ng-reflect-message=&amp;apos;Save&amp;apos;]]
Session ID: 92b07f0a278a9ee612e2fd21173692d4">
      <![CDATA[org.openqa.selenium.ElementClickInterceptedException: element click intercepted: Element <mat-icon _ngcontent-uaa-c552="" role="img" class="mat-icon notranslate mat-tooltip-trigger material-icons mat-icon-no-color" aria-hidden="true" ng-reflect-message="Save" data-mat-icon-type="font" aria-describedby="cdk-describedby-message-60" cdk-describedby-host="0">...</mat-icon> is not clickable at point (1106, 408). Other element would receive the click: <div class="cdk-overlay-backdrop cdk-overlay-dark-backdrop cdk-overlay-backdrop-showing"></div>
  (Session info: chrome=124.0.6367.119)
Build info: version: '4.20.0', revision: '866c76ca80'
System info: os.name: 'Windows 10', os.arch: 'amd64', os.version: '10.0', java.version: '21.0.2'
Driver info: org.openqa.selenium.chrome.ChromeDriver
Command: [92b07f0a278a9ee612e2fd21173692d4, clickElement {id=f.A0BA44CFC20EDA26D0DD266317C34B37.d.84B21B36CF71E1FCAE845C607019A352.e.242}]
Capabilities {acceptInsecureCerts: false, browserName: chrome, browserVersion: 124.0.6367.119, chrome: {chromedriverVersion: 124.0.6367.207 (a9001a6e39f..., userDataDir: C:\Users\Kamlakar\AppData\L...}, fedcm:accounts: true, goog:chromeOptions: {debuggerAddress: localhost:55052}, networkConnectionEnabled: false, pageLoadStrategy: normal, platformName: windows, proxy: Proxy(), se:cdp: ws://localhost:55052/devtoo..., se:cdpVersion: 124.0.6367.119, setWindowRect: true, strictFileInteractability: false, timeouts: {implicit: 0, pageLoad: 300000, script: 30000}, unhandledPromptBehavior: dismiss and notify, webauthn:extension:credBlob: true, webauthn:extension:largeBlob: true, webauthn:extension:minPinLength: true, webauthn:extension:prf: true, webauthn:virtualAuthenticators: true}
Session ID: 92b07f0a278a9ee612e2fd21173692d4
at org.openqa.selenium.remote.ErrorCodec.decode(ErrorCodec.java:167)
at org.openqa.selenium.remote.codec.w3c.W3CHttpResponseCodec.decode(W3CHttpResponseCodec.java:138)
at org.openqa.selenium.remote.codec.w3c.W3CHttpResponseCodec.decode(W3CHttpResponseCodec.java:50)
at org.openqa.selenium.remote.HttpCommandExecutor.execute(HttpCommandExecutor.java:190)
at org.openqa.selenium.remote.service.DriverCommandExecutor.invokeExecute(DriverCommandExecutor.java:216)
at org.openqa.selenium.remote.service.DriverCommandExecutor.execute(DriverCommandExecutor.java:174)
at org.openqa.selenium.remote.RemoteWebDriver.execute(RemoteWebDriver.java:518)
at org.openqa.selenium.remote.RemoteWebElement.execute(RemoteWebElement.java:223)
at org.openqa.selenium.remote.RemoteWebElement.click(RemoteWebElement.java:76)
at LabPages.Phlebotomy_Pending_Outsource_Outsourced_Upload_document_Received.OPD_REGISTRATION(Phlebotomy_Pending_Outsource_Outsourced_Upload_document_Received.java:397)
at LabTest.Phlebotomy_Pending_Outsource_Outsourced_Upload_document_Received.TC_02_Phlebotomy_Pending_Outsource_Outsourced_Upload_document_Received(Phlebotomy_Pending_Outsource_Outsourced_Upload_document_Received.java:50)
at java.base/java.util.ArrayList.forEach(ArrayList.java:1596)
... Removed 29 stack frames]]>
    </failure>
  </testcase> <!-- TC_02_Phlebotomy_Pending_Outsource_Outsourced_Upload_document_Received -->
</testsuite> <!-- Phlebotomy_Pending_Outsource_Outsourced_Upload_document_Received -->
