<?xml version="1.0" encoding="UTF-8"?>
<!-- Generated by org.testng.reporters.JUnitXMLReporter -->
<testsuite ignored="0" hostname="HATI-SDG00096" failures="0" tests="2" name="ER_Registration_Location_Add_Vitals_Save_Test" time="116.31" errors="0" timestamp="2024-10-17T15:49:15 SGT">
  <testcase classname="ClinicareTest2.ER_Registration_Location_Add_Vitals_Save_Test" name="TC_01_verify_That_User_Is_Able_To_Login_MedcareApplication" time="2.824"/>
  <testcase classname="ClinicareTest2.ER_Registration_Location_Add_Vitals_Save_Test" name="TC_02_Click_print_and_submit_Result_Entry_View_orders" time="93.028"/>
</testsuite> <!-- ER_Registration_Location_Add_Vitals_Save_Test -->
