<?xml version="1.0" encoding="UTF-8"?>
<!-- Generated by org.testng.reporters.JUnitXMLReporter -->
<testsuite ignored="0" hostname="HATI-SDG00096" failures="0" tests="2" name="Result_Validation_reject_Phlebotomy_Central_Receiving_Sample_Processing_Result_Entry_Result_Validation_Submit" time="253.337" errors="0" timestamp="2024-09-09T14:20:26 IST">
  <testcase classname="LabTest.Result_Validation_reject_Phlebotomy_Central_Receiving_Sample_Processing_Result_Entry_Result_Validation_Submit" name="TC_01_verify_That_User_Is_Able_To_Login_MedcareApplication" time="16.585"/>
  <testcase classname="LabTest.Result_Validation_reject_Phlebotomy_Central_Receiving_Sample_Processing_Result_Entry_Result_Validation_Submit" name="TC_04_Result_Validation_reject_Phlebotomy_Central_Receiving_Sample_Processing_Result_Entry_Result_Validation_Submit" time="203.349"/>
</testsuite> <!-- Result_Validation_reject_Phlebotomy_Central_Receiving_Sample_Processing_Result_Entry_Result_Validation_Submit -->
