<?xml version="1.0" encoding="UTF-8"?>
<!-- Generated by org.testng.reporters.JUnitXMLReporter -->
<testsuite ignored="0" hostname="HATI-SDG00096" failures="0" tests="2" name="Enter_Normal_Result_Save_Click_back_Result_Validation_Modify_Save_Submit" time="212.783" errors="0" timestamp="2024-09-11T10:41:46 IST">
  <testcase classname="LabTest.Enter_Normal_Result_Save_Click_back_Result_Validation_Modify_Save_Submit" name="TC_01_verify_That_User_Is_Able_To_Login_MedcareApplication" time="15.902"/>
  <testcase classname="LabTest.Enter_Normal_Result_Save_Click_back_Result_Validation_Modify_Save_Submit" name="TC_04_Enter_Normal_Result_Save_Click_back_Result_Validation_Modify_Save_Submit" time="176.935"/>
</testsuite> <!-- Enter_Normal_Result_Save_Click_back_Result_Validation_Modify_Save_Submit -->
