<?xml version="1.0" encoding="UTF-8"?>
<!-- Generated by org.testng.reporters.JUnitXMLReporter -->
<testsuite ignored="0" hostname="HATI-SDG00096" failures="0" tests="2" name="OP_Patient_Encounter_Summery_Print_Order_Test" time="181.563" errors="0" timestamp="2024-10-17T16:13:02 SGT">
  <testcase classname="ClinicareTest2.OP_Patient_Encounter_Summery_Print_Order_Test" name="TC_01_verify_That_User_Is_Able_To_Login_MedcareApplication" time="0.0">
    <skipped/>
  </testcase> <!-- TC_01_verify_That_User_Is_Able_To_Login_MedcareApplication -->
  <testcase classname="ClinicareTest2.OP_Patient_Encounter_Summery_Print_Order_Test" name="TC_02_User_Can_Do_OP_Patient_Encounter_Summery_Print_Order" time="0.0">
    <skipped/>
  </testcase> <!-- TC_02_User_Can_Do_OP_Patient_Encounter_Summery_Print_Order -->
</testsuite> <!-- OP_Patient_Encounter_Summery_Print_Order_Test -->
