<?xml version="1.0" encoding="UTF-8"?>
<!-- Generated by org.testng.reporters.JUnitXMLReporter -->
<testsuite ignored="0" hostname="HATI-SDG00096" failures="0" tests="2" name="Restest_Save_Submit_Result_entry_Enter_new_result_Result_EntryResult_validation_Result_approval_Report" time="222.911" errors="0" timestamp="2024-09-09T13:39:50 IST">
  <testcase classname="LabTest.Restest_Save_Submit_Result_entry_Enter_new_result_Result_EntryResult_validation_Result_approval_Report" name="TC_01_verify_That_User_Is_Able_To_Login_MedcareApplication" time="16.001"/>
  <testcase classname="LabTest.Restest_Save_Submit_Result_entry_Enter_new_result_Result_EntryResult_validation_Result_approval_Report" name="TC_04Restest_Save_Submit_Result_entry_Enter_new_result_Result_EntryResult_validation_Result_approval_Report" time="177.141"/>
</testsuite> <!-- Restest_Save_Submit_Result_entry_Enter_new_result_Result_EntryResult_validation_Result_approval_Report -->
