<?xml version="1.0" encoding="UTF-8"?>
<!-- Generated by org.testng.reporters.JUnitXMLReporter -->
<testsuite ignored="0" hostname="HATI-SDG00096" failures="1" tests="2" name="Phlebotomy_Pending_Outsource_Reject_Current_order_Print_and_submit" time="154.544" errors="0" timestamp="2024-09-11T09:59:02 IST">
  <testcase classname="LabTest.Phlebotomy_Pending_Outsource_Reject_Current_order_Print_and_submit" name="TC_01_verify_That_User_Is_Able_To_Login_MedcareApplication" time="10.988"/>
  <testcase classname="LabTest.Phlebotomy_Pending_Outsource_Reject_Current_order_Print_and_submit" name="TC_02_Phlebotomy_Pending_Outsource_Reject_Current_order_Print_and_submit" time="122.294">
    <failure type="java.lang.IndexOutOfBoundsException" message="Index 2 out of bounds for length 2">
      <![CDATA[java.lang.IndexOutOfBoundsException: Index 2 out of bounds for length 2
at java.base/jdk.internal.util.Preconditions.outOfBounds(Preconditions.java:100)
at java.base/jdk.internal.util.Preconditions.outOfBoundsCheckIndex(Preconditions.java:106)
at java.base/jdk.internal.util.Preconditions.checkIndex(Preconditions.java:302)
at java.base/java.util.Objects.checkIndex(Objects.java:385)
at java.base/java.util.ArrayList.get(ArrayList.java:427)
at LabPages.Phlebotomy_Pending_Outsource_Reject_Current_order_Print_and_submit.OPD_REGISTRATION(Phlebotomy_Pending_Outsource_Reject_Current_order_Print_and_submit.java:414)
at LabTest.Phlebotomy_Pending_Outsource_Reject_Current_order_Print_and_submit.TC_02_Phlebotomy_Pending_Outsource_Reject_Current_order_Print_and_submit(Phlebotomy_Pending_Outsource_Reject_Current_order_Print_and_submit.java:50)
at java.base/java.util.ArrayList.forEach(ArrayList.java:1596)
... Removed 25 stack frames]]>
    </failure>
  </testcase> <!-- TC_02_Phlebotomy_Pending_Outsource_Reject_Current_order_Print_and_submit -->
</testsuite> <!-- Phlebotomy_Pending_Outsource_Reject_Current_order_Print_and_submit -->
