<?xml version="1.0" encoding="UTF-8"?>
<!-- Generated by org.testng.reporters.JUnitXMLReporter -->
<testsuite ignored="0" hostname="HATI-SDG00096" failures="0" tests="2" name="Enter_media_observation_identification_Save_Submit_Result_Verification_Save_Provisional_Release_Print" time="271.0" errors="0" timestamp="2024-09-11T11:16:06 IST">
  <testcase classname="LabTest.Enter_media_observation_identification_Save_Submit_Result_Verification_Save_Provisional_Release_Print" name="TC_01_verify_That_User_Is_Able_To_Login_MedcareApplication" time="16.258"/>
  <testcase classname="LabTest.Enter_media_observation_identification_Save_Submit_Result_Verification_Save_Provisional_Release_Print" name="TC_04_Enter_media_observation_identification_Save_Submit_Result_Verification_Save_Provisional_Release_Print" time="234.043"/>
</testsuite> <!-- Enter_media_observation_identification_Save_Submit_Result_Verification_Save_Provisional_Release_Print -->
