<?xml version="1.0" encoding="UTF-8"?>
<!-- Generated by org.testng.reporters.JUnitXMLReporter -->
<testsuite ignored="0" hostname="HATI-SDG00096" failures="0" tests="2" name="IP_Patient_Profile_Test" time="97.662" errors="0" timestamp="2024-10-17T16:38:10 SGT">
  <testcase classname="ClinicareTest2.IP_Patient_Profile_Test" name="TC_01_verify_That_User_Is_Able_To_Login_MedcareApplication" time="2.898"/>
  <testcase classname="ClinicareTest2.IP_Patient_Profile_Test" name="TC_02_User_Can_Do_IP_Patient_Profile" time="60.262"/>
</testsuite> <!-- IP_Patient_Profile_Test -->
