<?xml version="1.0" encoding="UTF-8"?>
<!-- Generated by org.testng.reporters.JUnitXMLReporter -->
<testsuite ignored="0" hostname="HATI-SDG00096" failures="0" tests="2" name="OP_Patient_ConsultQ_Print_All_Med_Orders.xml" time="208.057" errors="0" timestamp="2024-10-17T18:30:38 SGT">
  <testcase classname="ClinicareTest.OP_Patient_ConsultQ_Print_All_Med_Orders" name="TC_01_verify_That_User_Is_Able_To_Login_MedcareApplication" time="15.741"/>
  <testcase classname="ClinicareTest.OP_Patient_ConsultQ_Print_All_Med_Orders" name="TC_02_OP_Patient_ConsultQ_Print_All_Med_Orders" time="151.939"/>
</testsuite> <!-- OP_Patient_ConsultQ_Print_All_Med_Orders.xml -->
