<?xml version="1.0" encoding="UTF-8"?>
<!-- Generated by org.testng.reporters.JUnitXMLReporter -->
<testsuite ignored="0" hostname="HATI-SDG00096" failures="0" tests="2" name="ER_PAC_Schedule_PAC_Anesthesia" time="398.971" errors="0" timestamp="2024-10-17T14:49:38 SGT">
  <testcase classname="ClinicareTest.ER_PAC_Schedule_PAC_Anesthesia" name="TC_01_verify_That_User_Is_Able_To_Login_MedcareApplication" time="15.521"/>
  <testcase classname="ClinicareTest.ER_PAC_Schedule_PAC_Anesthesia" name="TC_02_ER_PAC_Schedule_PAC_Anesthesia" time="360.117"/>
</testsuite> <!-- ER_PAC_Schedule_PAC_Anesthesia -->
