<?xml version="1.0" encoding="UTF-8"?>
<!-- Generated by org.testng.reporters.JUnitXMLReporter -->
<testsuite ignored="0" hostname="HATI-SDG00096" failures="2" tests="3" name="test4" time="101.087" errors="0" timestamp="2024-07-29T14:45:21 IST">
  <testcase classname="OPDTest.UpdateSponsor" name="TC_01_Verify_Login" time="16.973"/>
  <testcase classname="OPDTest.UpdateSponsor" name="TC_02_Verify_That_User_Is_Able_To_Do_Quick_Registration" time="0.004">
    <failure type="java.lang.Error" message="Unresolved compilation problem: 
	The method Quick_Registration_Verification(String, String, String, String, String, String, String, String, String) in the type Update_Sponsore_Quick_Registration is not applicable for the arguments (String, String, String, String, String, String, String, String, String, String)
">
      <![CDATA[java.lang.Error: Unresolved compilation problem: 
The method Quick_Registration_Verification(String, String, String, String, String, String, String, String, String) in the type Update_Sponsore_Quick_Registration is not applicable for the arguments (String, String, String, String, String, String, String, String, String, String)

at OPDTest.UpdateSponsor.TC_02_Verify_That_User_Is_Able_To_Do_Quick_Registration(UpdateSponsor.java:49)
at java.base/java.util.ArrayList.forEach(ArrayList.java:1596)
... Removed 26 stack frames]]>
    </failure>
  </testcase> <!-- TC_02_Verify_That_User_Is_Able_To_Do_Quick_Registration -->
  <testcase classname="OPDTest.UpdateSponsor" name="TC_03_Verify_Update_sponsor" time="59.445">
    <failure type="java.lang.IndexOutOfBoundsException" message="Index 2 out of bounds for length 1">
      <![CDATA[java.lang.IndexOutOfBoundsException: Index 2 out of bounds for length 1
at java.base/jdk.internal.util.Preconditions.outOfBounds(Preconditions.java:100)
at java.base/jdk.internal.util.Preconditions.outOfBoundsCheckIndex(Preconditions.java:106)
at java.base/jdk.internal.util.Preconditions.checkIndex(Preconditions.java:302)
at java.base/java.util.Objects.checkIndex(Objects.java:385)
at java.base/java.util.ArrayList.get(ArrayList.java:427)
at OPDpages.UpdateSponsorFlow.UpdateSponsor1(UpdateSponsorFlow.java:122)
at OPDTest.UpdateSponsor.TC_03_Verify_Update_sponsor(UpdateSponsor.java:60)
at java.base/java.util.ArrayList.forEach(ArrayList.java:1596)
... Removed 26 stack frames]]>
    </failure>
  </testcase> <!-- TC_03_Verify_Update_sponsor -->
</testsuite> <!-- test4 -->
