<?xml version="1.0" encoding="UTF-8"?>
<!-- Generated by org.testng.reporters.JUnitXMLReporter -->
<testsuite ignored="0" hostname="HATI-SDG00096" failures="0" tests="2" name="Enter_Abnormal_Result_Click_result_entry_Result_Validation_Modify_Save_Submit" time="210.288" errors="0" timestamp="2024-09-11T10:20:02 IST">
  <testcase classname="LabTest.Enter_Abnormal_Result_Click_result_entry_Result_Validation_Modify_Save_Submit" name="TC_01_verify_That_User_Is_Able_To_Login_MedcareApplication" time="15.919"/>
  <testcase classname="LabTest.Enter_Abnormal_Result_Click_result_entry_Result_Validation_Modify_Save_Submit" name="TC_04_Enter_Abnormal_Result_Click_result_entry_Result_Validation_Modify_Save_Submit" time="172.942"/>
</testsuite> <!-- Enter_Abnormal_Result_Click_result_entry_Result_Validation_Modify_Save_Submit -->
